{"logTime": "1214/212956", "correlationVector":"rN8n+GU6JqguqI9MVE9o9k.0","action":"FeedSettingFetch_homeCloud", "result":"0", "context":{}}
{"logTime": "1214/212956", "correlationVector":"9G33xWaCmdEMrd34FhPNVM.1","action":"SyncServerConnectionManagerRequest", "result":"SYNC_SERVER_OK", "context":{"environment":"Prod_WestEurope_000l", "migrationStage":"NotStarted", "server":"GENERAL0100001Z"}}
{"logTime": "1214/212956", "correlationVector":"9G33xWaCmdEMrd34FhPNVM","action":"Initial GetUpdates", "result":"", "context":Reason: NEW_CLIENT. cV=9G33xWaCmdEMrd34FhPNVM}
{"logTime": "1214/212956", "correlationVector":"9G33xWaCmdEMrd34FhPNVM.2","action":"GetUpdates Response", "result":"SYNCER_OK", "context":Received 1 update(s). cV=9G33xWaCmdEMrd34FhPNVM.0;server=GENERAL0100001Z;cloudType=Consumer;environment=Prod_WestEurope_000l;migrationStage=NotStarted}
{"logTime": "1214/212956", "correlationVector":"mLWBJ1K/XLUmjoml/7PGPn","action":"SyncServerConnectionManagerRequest", "result":"SYNC_SERVER_OK", "context":{"environment":"", "migrationStage":"", "server":""}}
{"logTime": "1214/212956", "correlationVector":"3WYsjzXMzZCdskYHnT7pL+","action":"Initial GetUpdates", "result":"", "context":Reason: NEW_CLIENT. cV=3WYsjzXMzZCdskYHnT7pL+}
{"logTime": "1214/212956", "correlationVector":"3WYsjzXMzZCdskYHnT7pL+.1","action":"SyncServerConnectionManagerRequest", "result":"SYNC_SERVER_OK", "context":{"environment":"Prod_WestEurope_000l", "migrationStage":"NotStarted", "server":"GENERAL01000021"}}
{"logTime": "1214/212956", "correlationVector":"3WYsjzXMzZCdskYHnT7pL+.2","action":"GetUpdates Response", "result":"SYNCER_OK", "context":Received 3 update(s). cV=3WYsjzXMzZCdskYHnT7pL+.0;server=GENERAL01000021;cloudType=Consumer;environment=Prod_WestEurope_000l;migrationStage=NotStarted}
{"logTime": "1214/212956", "correlationVector":"wSmNZWm8HXle8q6fAF7a2m","action":"Normal GetUpdate request", "result":"", "context":cV=wSmNZWm8HXle8q6fAF7a2m
Nudged types: Device Info, User Consents
Refresh requested types: Device Info, User Consents, Send Tab To Self, Encryption Keys}
{"logTime": "1214/212956", "correlationVector":"wSmNZWm8HXle8q6fAF7a2m.1","action":"SyncServerConnectionManagerRequest", "result":"SYNC_SERVER_OK", "context":{"environment":"Prod_WestEurope_000l", "migrationStage":"NotStarted", "server":"GENERAL01000026"}}
{"logTime": "1214/212956", "correlationVector":"wSmNZWm8HXle8q6fAF7a2m.2","action":"GetUpdates Response", "result":"SYNCER_OK", "context":Received 0 update(s). cV=wSmNZWm8HXle8q6fAF7a2m.0;server=GENERAL01000026;cloudType=Consumer;environment=Prod_WestEurope_000l;migrationStage=NotStarted}
{"logTime": "1214/212956", "correlationVector":"i9iHz2/F2HGlxtv5SvQBzO","action":"Commit Request", "result":"", "context":Item count: 1
Contributing types: Device Info}
{"logTime": "1214/212956", "correlationVector":"i9iHz2/F2HGlxtv5SvQBzO.1","action":"SyncServerConnectionManagerRequest", "result":"SYNC_SERVER_OK", "context":{"environment":"Prod_WestEurope_000l", "migrationStage":"NotStarted", "server":"GENERAL0100000J"}}
{"logTime": "1214/212956", "correlationVector":"i9iHz2/F2HGlxtv5SvQBzO.2","action":"Commit Response", "result":"SYNCER_OK", "context":Result: SYNCER_OK. cV=i9iHz2/F2HGlxtv5SvQBzO.0;server=GENERAL0100000J;cloudType=Consumer;environment=Prod_WestEurope_000l;migrationStage=NotStarted}
{"logTime": "1214/212956", "correlationVector":"U/EECp2daTt5G+tRHVc/+1","action":"Commit Request", "result":"", "context":Item count: 1
Contributing types: User Consents}
{"logTime": "1214/212956", "correlationVector":"U/EECp2daTt5G+tRHVc/+1.1","action":"SyncServerConnectionManagerRequest", "result":"SYNC_SERVER_OK", "context":{"environment":"Prod_WestEurope_000l", "migrationStage":"NotStarted", "server":"GENERAL01000023"}}
{"logTime": "1214/212956", "correlationVector":"U/EECp2daTt5G+tRHVc/+1.2","action":"Commit Response", "result":"SYNCER_OK", "context":Result: SYNCER_OK. cV=U/EECp2daTt5G+tRHVc/+1.0;server=GENERAL01000023;cloudType=Consumer;environment=Prod_WestEurope_000l;migrationStage=NotStarted}
{"logTime": "1214/212956", "correlationVector":"l3DExEOnyHcTWR7Cdhr2Nt","action":"Normal GetUpdate request", "result":"", "context":cV=l3DExEOnyHcTWR7Cdhr2Nt
Nudged types: Device Info}
{"logTime": "1214/212956", "correlationVector":"l3DExEOnyHcTWR7Cdhr2Nt.1","action":"SyncServerConnectionManagerRequest", "result":"SYNC_SERVER_OK", "context":{"environment":"Prod_WestEurope_000l", "migrationStage":"NotStarted", "server":"GENERAL0100001D"}}
{"logTime": "1214/212956", "correlationVector":"l3DExEOnyHcTWR7Cdhr2Nt.2","action":"GetUpdates Response", "result":"SYNCER_OK", "context":Received 1 update(s). cV=l3DExEOnyHcTWR7Cdhr2Nt.0;server=GENERAL0100001D;cloudType=Consumer;environment=Prod_WestEurope_000l;migrationStage=NotStarted}
{"logTime": "1215/111103", "correlationVector":"RB0c5p0XKV05Yo9oQMnXLb.0","action":"FeedSettingFetch_homeCloud", "result":"0", "context":{}}
{"logTime": "1215/111103", "correlationVector":"f6CtdkE4aiHm5x88TAx1r7.1","action":"SyncServerConnectionManagerRequest", "result":"SYNC_SERVER_OK", "context":{"environment":"Prod_NorthEurope_000h", "migrationStage":"NotStarted", "server":"GENERAL0100000L"}}
{"logTime": "1215/111103", "correlationVector":"f6CtdkE4aiHm5x88TAx1r7","action":"Initial GetUpdates", "result":"", "context":Reason: NEW_CLIENT. cV=f6CtdkE4aiHm5x88TAx1r7}
{"logTime": "1215/111103", "correlationVector":"f6CtdkE4aiHm5x88TAx1r7.2","action":"GetUpdates Response", "result":"SYNCER_OK", "context":Received 1 update(s). cV=f6CtdkE4aiHm5x88TAx1r7.0;server=GENERAL0100000L;cloudType=Consumer;environment=Prod_NorthEurope_000h;migrationStage=NotStarted}
{"logTime": "1215/111103", "correlationVector":"Bw996694/P1E8JMo+5xMh6","action":"Normal GetUpdate request", "result":"", "context":cV=Bw996694/P1E8JMo+5xMh6
Refresh requested types: Device Info, User Consents, Send Tab To Self, Encryption Keys}
{"logTime": "1215/111103", "correlationVector":"Bw996694/P1E8JMo+5xMh6.1","action":"SyncServerConnectionManagerRequest", "result":"SYNC_SERVER_OK", "context":{"environment":"Prod_NorthEurope_000h", "migrationStage":"NotStarted", "server":"GENERAL0100001R"}}
{"logTime": "1215/111103", "correlationVector":"Bw996694/P1E8JMo+5xMh6.2","action":"GetUpdates Response", "result":"SYNCER_OK", "context":Received 1 update(s). cV=Bw996694/P1E8JMo+5xMh6.0;server=GENERAL0100001R;cloudType=Consumer;environment=Prod_NorthEurope_000h;migrationStage=NotStarted}
{"logTime": "1215/111103", "correlationVector":"M4KkN1moSj22rgCcRk7t4G","action":"Poll GetUpdate request", "result":"", "context":cV=M4KkN1moSj22rgCcRk7t4G}
{"logTime": "1215/111103", "correlationVector":"M4KkN1moSj22rgCcRk7t4G.1","action":"SyncServerConnectionManagerRequest", "result":"SYNC_SERVER_OK", "context":{"environment":"Prod_WestEurope_x00e", "migrationStage":"NotStarted", "server":"GENERAL0100002F"}}
{"logTime": "1215/111103", "correlationVector":"M4KkN1moSj22rgCcRk7t4G.2","action":"GetUpdates Response", "result":"SYNCER_OK", "context":Received 0 update(s). cV=M4KkN1moSj22rgCcRk7t4G.0;server=GENERAL0100002F;cloudType=Consumer;environment=Prod_WestEurope_x00e;migrationStage=NotStarted}
{"logTime": "1215/111103", "correlationVector":"RchRg+e/CECpZaK+BQhaqk","action":"SyncServerConnectionManagerRequest", "result":"SYNC_SERVER_OK", "context":{"environment":"", "migrationStage":"", "server":""}}
{"logTime": "1215/111103", "correlationVector":"qkOucH2WAjRPqwbSjIZa4v","action":"Initial GetUpdates", "result":"", "context":Reason: RECONFIGURATION. cV=qkOucH2WAjRPqwbSjIZa4v}
{"logTime": "1215/111109", "correlationVector":"qkOucH2WAjRPqwbSjIZa4v.1","action":"SyncServerConnectionManagerRequest", "result":"SYNC_SERVER_OK", "context":{"environment":"Prod_NorthEurope_000h", "migrationStage":"NotStarted", "server":"GENERAL0100001Q"}}
{"logTime": "1215/111109", "correlationVector":"qkOucH2WAjRPqwbSjIZa4v.2","action":"GetUpdates Response", "result":"SYNCER_OK", "context":Received 38 update(s). cV=qkOucH2WAjRPqwbSjIZa4v.0;server=GENERAL0100001Q;cloudType=Consumer;environment=Prod_NorthEurope_000h;migrationStage=NotStarted}
{"logTime": "1215/111109", "correlationVector":"5EUozxgnR3p23LxERtXzCZ","action":"Initial GetUpdates", "result":"", "context":Reason: NEWLY_SUPPORTED_DATATYPE. cV=5EUozxgnR3p23LxERtXzCZ}
{"logTime": "1215/111109", "correlationVector":"5EUozxgnR3p23LxERtXzCZ.1","action":"SyncServerConnectionManagerRequest", "result":"SYNC_SERVER_OK", "context":{"environment":"Prod_NorthEurope_000h", "migrationStage":"NotStarted", "server":"GENERAL0100001W"}}
{"logTime": "1215/111109", "correlationVector":"5EUozxgnR3p23LxERtXzCZ.2","action":"GetUpdates Response", "result":"SYNCER_OK", "context":Received 5 update(s). cV=5EUozxgnR3p23LxERtXzCZ.0;server=GENERAL0100001W;cloudType=Consumer;environment=Prod_NorthEurope_000h;migrationStage=NotStarted}
{"logTime": "1215/111109", "correlationVector":"Lgd6T4BsEA/QMjo77oznVW","action":"Initial GetUpdates", "result":"", "context":Reason: NEWLY_SUPPORTED_DATATYPE. cV=Lgd6T4BsEA/QMjo77oznVW}
{"logTime": "1215/111109", "correlationVector":"Lgd6T4BsEA/QMjo77oznVW.1","action":"SyncServerConnectionManagerRequest", "result":"SYNC_SERVER_OK", "context":{"environment":"Prod_NorthEurope_000h", "migrationStage":"NotStarted", "server":"GENERAL0100001O"}}
{"logTime": "1215/111109", "correlationVector":"Lgd6T4BsEA/QMjo77oznVW.2","action":"GetUpdates", "result":"DeleteReceived", "context":{"id":"0241932c-f5b2-4946-a8ae-9ed8aeb5e9eb", "isDeleted:":"true", "version":"1698160106513"}}
{"logTime": "1215/111110", "correlationVector":"Lgd6T4BsEA/QMjo77oznVW.3","action":"GetUpdates", "result":"DeleteReceived", "context":{"id":"079a7f97-f940-4ee6-a576-7bb0ccb81443", "isDeleted:":"true", "version":"1699036636904"}}
{"logTime": "1215/111110", "correlationVector":"Lgd6T4BsEA/QMjo77oznVW.4","action":"GetUpdates", "result":"DeleteReceived", "context":{"id":"f152a928-3ccb-4c5c-b035-7a3090c673ae", "isDeleted:":"true", "version":"1699041762046"}}
{"logTime": "1215/111110", "correlationVector":"Lgd6T4BsEA/QMjo77oznVW.5","action":"GetUpdates", "result":"DeleteReceived", "context":{"id":"dd0faec0-195c-484a-99df-8d8a3106f770", "isDeleted:":"true", "version":"1699041762048"}}
{"logTime": "1215/111110", "correlationVector":"Lgd6T4BsEA/QMjo77oznVW.6","action":"GetUpdates", "result":"DeleteReceived", "context":{"id":"999567aa-f906-45b3-9f66-a0316a628274", "isDeleted:":"true", "version":"1699205490725"}}
{"logTime": "1215/111110", "correlationVector":"Lgd6T4BsEA/QMjo77oznVW.7","action":"GetUpdates", "result":"DeleteReceived", "context":{"id":"b7739794-5506-495f-a431-4477aa24f7a3", "isDeleted:":"true", "version":"1699961719590"}}
{"logTime": "1215/111110", "correlationVector":"Lgd6T4BsEA/QMjo77oznVW.8","action":"GetUpdates", "result":"DeleteReceived", "context":{"id":"43a79ff0-e784-44d9-bfc8-6bd368984f1f", "isDeleted:":"true", "version":"1700230260910"}}
{"logTime": "1215/111110", "correlationVector":"Lgd6T4BsEA/QMjo77oznVW.9","action":"GetUpdates", "result":"DeleteReceived", "context":{"id":"be08083d-52e0-4e1a-a726-05d6e2544253", "isDeleted:":"true", "version":"1700313718797"}}
{"logTime": "1215/111110", "correlationVector":"Lgd6T4BsEA/QMjo77oznVW.10","action":"GetUpdates", "result":"DeleteReceived", "context":{"id":"f3e82de4-6f8a-4b23-b284-5c3d6209bbe8", "isDeleted:":"true", "version":"1701715213641"}}
{"logTime": "1215/111110", "correlationVector":"Lgd6T4BsEA/QMjo77oznVW.11","action":"GetUpdates", "result":"DeleteReceived", "context":{"id":"6a10a08e-5881-46ca-866c-db6aed52edd7", "isDeleted:":"true", "version":"1701873701781"}}
{"logTime": "1215/111110", "correlationVector":"Lgd6T4BsEA/QMjo77oznVW.12","action":"GetUpdates", "result":"DeleteReceived", "context":{"id":"4167f1b0-ac64-47b4-a35f-9f6890feb135", "isDeleted:":"true", "version":"1702384409433"}}
{"logTime": "1215/111110", "correlationVector":"Lgd6T4BsEA/QMjo77oznVW.13","action":"GetUpdates", "result":"DeleteReceived", "context":{"id":"575b048f-ebcd-4664-ba2c-8fe4c5aba5aa", "isDeleted:":"true", "version":"1702637872636"}}
{"logTime": "1215/111110", "correlationVector":"Lgd6T4BsEA/QMjo77oznVW.14","action":"GetUpdates Response", "result":"SYNCER_OK", "context":Received 25 update(s). cV=Lgd6T4BsEA/QMjo77oznVW.0;server=GENERAL0100001O;cloudType=Consumer;environment=Prod_NorthEurope_000h;migrationStage=NotStarted}
{"logTime": "1215/111110", "correlationVector":"y0s783mKtdoYJ/Vd5Kq8oC","action":"Normal GetUpdate request", "result":"", "context":cV=y0s783mKtdoYJ/Vd5Kq8oC
Nudged types: Sessions, Device Info
Refresh requested types: Bookmarks, Preferences, Passwords, Autofill Profiles, Autofill, Autofill Custom Data, Typed URLs, Extensions, Sessions, Extension settings, History Delete Directives, Device Info, User Consents, Send Tab To Self, Web Apps, Collection, Edge E Drop, Edge Hub App Usage, Edge Wallet, Encryption Keys}
{"logTime": "1215/111110", "correlationVector":"y0s783mKtdoYJ/Vd5Kq8oC.1","action":"SyncServerConnectionManagerRequest", "result":"SYNC_SERVER_OK", "context":{"environment":"Prod_NorthEurope_000h", "migrationStage":"NotStarted", "server":"GENERAL0100001Z"}}
{"logTime": "1215/111110", "correlationVector":"y0s783mKtdoYJ/Vd5Kq8oC.2","action":"GetUpdates Response", "result":"SYNCER_OK", "context":Received 0 update(s). cV=y0s783mKtdoYJ/Vd5Kq8oC.0;server=GENERAL0100001Z;cloudType=Consumer;environment=Prod_NorthEurope_000h;migrationStage=NotStarted}
{"logTime": "1215/111111", "correlationVector":"prPxk/CX8Bdb1l5xlJBTTD","action":"Commit Request", "result":"", "context":Item count: 1
Contributing types: Device Info}
{"logTime": "1215/111111", "correlationVector":"prPxk/CX8Bdb1l5xlJBTTD.1","action":"SyncServerConnectionManagerRequest", "result":"SYNC_SERVER_OK", "context":{"environment":"Prod_NorthEurope_000h", "migrationStage":"NotStarted", "server":"GENERAL0100000D"}}
{"logTime": "1215/111111", "correlationVector":"prPxk/CX8Bdb1l5xlJBTTD.2","action":"Commit Response", "result":"SYNCER_OK", "context":Result: SYNCER_OK. cV=prPxk/CX8Bdb1l5xlJBTTD.0;server=GENERAL0100000D;cloudType=Consumer;environment=Prod_NorthEurope_000h;migrationStage=NotStarted}
{"logTime": "1215/111111", "correlationVector":"M2gB4ATQAPiX6j76iYOfXt","action":"Commit Request", "result":"", "context":Item count: 2
Contributing types: Sessions}
{"logTime": "1215/111111", "correlationVector":"M2gB4ATQAPiX6j76iYOfXt.1","action":"SyncServerConnectionManagerRequest", "result":"SYNC_SERVER_OK", "context":{"environment":"Prod_NorthEurope_000h", "migrationStage":"NotStarted", "server":"general0100000C"}}
{"logTime": "1215/111111", "correlationVector":"M2gB4ATQAPiX6j76iYOfXt.2","action":"Commit Response", "result":"SYNCER_OK", "context":Result: SYNCER_OK. cV=M2gB4ATQAPiX6j76iYOfXt.0;server=general0100000C;cloudType=Consumer;environment=Prod_NorthEurope_000h;migrationStage=NotStarted}
{"logTime": "1215/111115", "correlationVector":"8HhbPZn0GQz2hLvOnI4gKH","action":"Commit Request", "result":"", "context":Item count: 1
Contributing types: Edge Hub App Usage}
{"logTime": "1215/111116", "correlationVector":"8HhbPZn0GQz2hLvOnI4gKH.1","action":"SyncServerConnectionManagerRequest", "result":"SYNC_SERVER_OK", "context":{"environment":"Prod_NorthEurope_000h", "migrationStage":"NotStarted", "server":"GENERAL0100000A"}}
{"logTime": "1215/111117", "correlationVector":"8HhbPZn0GQz2hLvOnI4gKH.2","action":"Commit Response", "result":"SYNCER_OK", "context":Result: SYNCER_OK. cV=8HhbPZn0GQz2hLvOnI4gKH.0;server=GENERAL0100000A;cloudType=Consumer;environment=Prod_NorthEurope_000h;migrationStage=NotStarted}
{"logTime": "1215/111502", "correlationVector":"+7zFP8v5SZzuWVxATLF9Y7","action":"Normal GetUpdate request", "result":"", "context":cV=+7zFP8v5SZzuWVxATLF9Y7
Refresh requested types: Bookmarks, Preferences, Passwords, Autofill Profiles, Autofill, Autofill Custom Data, Typed URLs, Extensions, Sessions, Extension settings, History Delete Directives, Device Info, User Consents, Send Tab To Self, Web Apps, Collection, Edge E Drop, Edge Hub App Usage, Edge Wallet, Encryption Keys}
{"logTime": "1215/111502", "correlationVector":"+7zFP8v5SZzuWVxATLF9Y7.1","action":"SyncServerConnectionManagerRequest", "result":"SYNC_SERVER_OK", "context":{"environment":"Prod_NorthEurope_000h", "migrationStage":"NotStarted", "server":"GENERAL0100001P"}}
{"logTime": "1215/111502", "correlationVector":"+7zFP8v5SZzuWVxATLF9Y7.2","action":"GetUpdates Response", "result":"SYNCER_OK", "context":Received 4 update(s). cV=+7zFP8v5SZzuWVxATLF9Y7.0;server=GENERAL0100001P;cloudType=Consumer;environment=Prod_NorthEurope_000h;migrationStage=NotStarted}
